<?xml version="1.0" encoding="UTF-8"?>
<testsuite xmlns:xsi="http://www.w3.org/2001/XMLSchema-instance" xsi:noNamespaceSchemaLocation="https://maven.apache.org/surefire/maven-surefire-plugin/xsd/surefire-test-report.xsd" name="action.surefire.report.email.EmailAddressTest" time="0.041" tests="9" errors="5" skipped="0" failures="2">
  <properties>
    <property name="gopherProxySet" value="false"/>
    <property name="awt.toolkit" value="sun.lwawt.macosx.LWCToolkit"/>
    <property name="file.encoding.pkg" value="sun.io"/>
    <property name="java.specification.version" value="1.8"/>
    <property name="sun.cpu.isalist" value=""/>
    <property name="sun.jnu.encoding" value="UTF-8"/>
    <property name="java.class.path" value="/Users/mikepenz/Fyusion/actions/action-surefire-report/tests/email/target/test-classes:/Users/mikepenz/Fyusion/actions/action-surefire-report/tests/email/target/classes:/Users/mikepenz/.m2/repository/junit/junit/4.13/junit-4.13.jar:/Users/mikepenz/.m2/repository/org/hamcrest/hamcrest-core/1.3/hamcrest-core-1.3.jar:/Users/mikepenz/.m2/repository/org/apache/commons/commons-lang3/3.7/commons-lang3-3.7.jar:/Users/mikepenz/.m2/repository/org/hamcrest/hamcrest-all/1.3/hamcrest-all-1.3.jar:/Users/mikepenz/.m2/repository/org/assertj/assertj-core/3.11.1/assertj-core-3.11.1.jar:"/>
    <property name="java.vm.vendor" value="AdoptOpenJDK"/>
    <property name="sun.arch.data.model" value="64"/>
    <property name="java.vendor.url" value="http://java.oracle.com/"/>
    <property name="user.timezone" value=""/>
    <property name="java.vm.specification.version" value="1.8"/>
    <property name="os.name" value="Mac OS X"/>
    <property name="user.country" value="AT"/>
    <property name="sun.java.launcher" value="SUN_STANDARD"/>
    <property name="sun.boot.library.path" value="/Library/Java/JavaVirtualMachines/adoptopenjdk-8.jdk/Contents/Home/jre/lib"/>
    <property name="sun.java.command" value="/Users/mikepenz/Fyusion/actions/action-surefire-report/tests/email/target/surefire/surefirebooter4273705004606960585.jar /Users/mikepenz/Fyusion/actions/action-surefire-report/tests/email/target/surefire 2020-10-12T18-21-32_947-jvmRun1 surefire8576781531978235376tmp surefire_16324456311015858583tmp"/>
    <property name="http.nonProxyHosts" value="local|*.local|169.254/16|*.169.254/16"/>
    <property name="surefire.test.class.path" value="/Users/mikepenz/Fyusion/actions/action-surefire-report/tests/email/target/test-classes:/Users/mikepenz/Fyusion/actions/action-surefire-report/tests/email/target/classes:/Users/mikepenz/.m2/repository/junit/junit/4.13/junit-4.13.jar:/Users/mikepenz/.m2/repository/org/hamcrest/hamcrest-core/1.3/hamcrest-core-1.3.jar:/Users/mikepenz/.m2/repository/org/apache/commons/commons-lang3/3.7/commons-lang3-3.7.jar:/Users/mikepenz/.m2/repository/org/hamcrest/hamcrest-all/1.3/hamcrest-all-1.3.jar:/Users/mikepenz/.m2/repository/org/assertj/assertj-core/3.11.1/assertj-core-3.11.1.jar:"/>
    <property name="sun.cpu.endian" value="little"/>
    <property name="user.home" value="/Users/mikepenz"/>
    <property name="user.language" value="en"/>
    <property name="java.specification.vendor" value="Oracle Corporation"/>
    <property name="java.home" value="/Library/Java/JavaVirtualMachines/adoptopenjdk-8.jdk/Contents/Home/jre"/>
    <property name="basedir" value="/Users/mikepenz/Fyusion/actions/action-surefire-report/tests/email"/>
    <property name="file.separator" value="/"/>
    <property name="line.separator" value="&#10;"/>
    <property name="java.vm.specification.vendor" value="Oracle Corporation"/>
    <property name="java.specification.name" value="Java Platform API Specification"/>
    <property name="java.awt.graphicsenv" value="sun.awt.CGraphicsEnvironment"/>
    <property name="surefire.real.class.path" value="/Users/mikepenz/Fyusion/actions/action-surefire-report/tests/email/target/surefire/surefirebooter4273705004606960585.jar"/>
    <property name="sun.boot.class.path" value="/Library/Java/JavaVirtualMachines/adoptopenjdk-8.jdk/Contents/Home/jre/lib/resources.jar:/Library/Java/JavaVirtualMachines/adoptopenjdk-8.jdk/Contents/Home/jre/lib/rt.jar:/Library/Java/JavaVirtualMachines/adoptopenjdk-8.jdk/Contents/Home/jre/lib/sunrsasign.jar:/Library/Java/JavaVirtualMachines/adoptopenjdk-8.jdk/Contents/Home/jre/lib/jsse.jar:/Library/Java/JavaVirtualMachines/adoptopenjdk-8.jdk/Contents/Home/jre/lib/jce.jar:/Library/Java/JavaVirtualMachines/adoptopenjdk-8.jdk/Contents/Home/jre/lib/charsets.jar:/Library/Java/JavaVirtualMachines/adoptopenjdk-8.jdk/Contents/Home/jre/lib/jfr.jar:/Library/Java/JavaVirtualMachines/adoptopenjdk-8.jdk/Contents/Home/jre/classes"/>
    <property name="sun.management.compiler" value="HotSpot 64-Bit Tiered Compilers"/>
    <property name="ftp.nonProxyHosts" value="local|*.local|169.254/16|*.169.254/16"/>
    <property name="java.runtime.version" value="1.8.0_265-b01"/>
    <property name="user.name" value="mikepenz"/>
    <property name="path.separator" value=":"/>
    <property name="os.version" value="10.15.7"/>
    <property name="java.endorsed.dirs" value="/Library/Java/JavaVirtualMachines/adoptopenjdk-8.jdk/Contents/Home/jre/lib/endorsed"/>
    <property name="java.runtime.name" value="OpenJDK Runtime Environment"/>
    <property name="file.encoding" value="UTF-8"/>
    <property name="java.vm.name" value="OpenJDK 64-Bit Server VM"/>
    <property name="localRepository" value="/Users/mikepenz/.m2/repository"/>
    <property name="java.vendor.url.bug" value="http://bugreport.sun.com/bugreport/"/>
    <property name="java.io.tmpdir" value="/var/folders/br/1m2w7srd75v48y6ct135hwb80000gn/T/"/>
    <property name="java.version" value="1.8.0_265"/>
    <property name="user.dir" value="/Users/mikepenz/Fyusion/actions/action-surefire-report/tests/email"/>
    <property name="os.arch" value="x86_64"/>
    <property name="java.vm.specification.name" value="Java Virtual Machine Specification"/>
    <property name="java.awt.printerjob" value="sun.lwawt.macosx.CPrinterJob"/>
    <property name="sun.os.patch.level" value="unknown"/>
    <property name="java.library.path" value="/Users/mikepenz/Library/Java/Extensions:/Library/Java/Extensions:/Network/Library/Java/Extensions:/System/Library/Java/Extensions:/usr/lib/java:."/>
    <property name="java.vm.info" value="mixed mode"/>
    <property name="java.vendor" value="AdoptOpenJDK"/>
    <property name="java.vm.version" value="25.265-b01"/>
    <property name="java.ext.dirs" value="/Users/mikepenz/Library/Java/Extensions:/Library/Java/JavaVirtualMachines/adoptopenjdk-8.jdk/Contents/Home/jre/lib/ext:/Library/Java/Extensions:/Network/Library/Java/Extensions:/System/Library/Java/Extensions:/usr/lib/java"/>
    <property name="sun.io.unicode.encoding" value="UnicodeBig"/>
    <property name="java.class.version" value="52.0"/>
    <property name="maven.test.failure.ignore" value="true"/>
    <property name="socksNonProxyHosts" value="local|*.local|169.254/16|*.169.254/16"/>
  </properties>
  <testcase name="shouldNotContainInternationalizedHostNames" classname="action.surefire.report.email.EmailAddressTest" time="0.01">
    <error message="Invalid email address &apos;user@ñandú.com.ar&apos;" type="action.surefire.report.email.InvalidEmailAddressException">action.surefire.report.email.InvalidEmailAddressException: Invalid email address 'user@ñandú.com.ar'
	at action.surefire.report.email.EmailAddressTest.expectException(EmailAddressTest.java:74)
	at action.surefire.report.email.EmailAddressTest.shouldNotContainInternationalizedHostNames(EmailAddressTest.java:39)
</error>
  </testcase>
  <testcase name="shouldBeStricterThanRfc2821" classname="action.surefire.report.email.EmailAddressTest" time="0">
    <error message="Invalid email address &apos;Abc\@def@example.com&apos;" type="action.surefire.report.email.InvalidEmailAddressException">action.surefire.report.email.InvalidEmailAddressException: Invalid email address 'Abc\@def@example.com'
	at action.surefire.report.email.EmailAddressTest.expectException(EmailAddressTest.java:74)
	at action.surefire.report.email.EmailAddressTest.shouldBeStricterThanRfc2821(EmailAddressTest.java:49)
</error>
  </testcase>
  <testcase name="shouldBeStricterThanRfc2822" classname="action.surefire.report.email.EmailAddressTest" time="0">
    <failure message="Address aba@bab.com should have thrown InvalidEmailAddressException" type="java.lang.AssertionError">java.lang.AssertionError: Address aba@bab.com should have thrown InvalidEmailAddressException
	at action.surefire.report.email.EmailAddressTest.expectException(EmailAddressTest.java:75)
	at action.surefire.report.email.EmailAddressTest.shouldBeStricterThanRfc2822(EmailAddressTest.java:57)
</failure>
  </testcase>
  <testcase name="shouldAcceptInternationalizedDomainNamesUsingPunycode" classname="action.surefire.report.email.EmailAddressTest" time="0.001"/>
  <testcase name="shouldNotBeBlank" classname="action.surefire.report.email.EmailAddressTest" time="0">
    <error message="Email address must not be null, empty, or blanks" type="action.surefire.report.email.InvalidEmailAddressException">action.surefire.report.email.InvalidEmailAddressException: Email address must not be null, empty, or blanks
	at action.surefire.report.email.EmailAddressTest.expectException(EmailAddressTest.java:74)
	at action.surefire.report.email.EmailAddressTest.shouldNotBeBlank(EmailAddressTest.java:18)
</error>
  </testcase>
  <testcase name="shouldNotContainLocalHosts" classname="action.surefire.report.email.EmailAddressTest" time="0">
    <error message="Invalid email address &apos;user@host&apos;" type="action.surefire.report.email.InvalidEmailAddressException">action.surefire.report.email.InvalidEmailAddressException: Invalid email address 'user@host'
	at action.surefire.report.email.EmailAddressTest.expectException(EmailAddressTest.java:74)
	at action.surefire.report.email.EmailAddressTest.shouldNotContainLocalHosts(EmailAddressTest.java:32)
</error>
  </testcase>
  <testcase name="shouldNotMissComponents" classname="action.surefire.report.email.EmailAddressTest" time="0.001">
    <failure message="Address user-without-host@test.com should have thrown InvalidEmailAddressException" type="java.lang.AssertionError">java.lang.AssertionError: Address user-without-host@test.com should have thrown InvalidEmailAddressException
	at action.surefire.report.email.EmailAddressTest.expectException(EmailAddressTest.java:75)
	at action.surefire.report.email.EmailAddressTest.shouldNotMissComponents(EmailAddressTest.java:25)
</failure>
  </testcase>
  <testcase name="shouldNotAllowDotsInWeirdPlaces" classname="action.surefire.report.email.EmailAddressTest" time="0">
    <error message="Invalid email address &apos;.user@host.com&apos;" type="action.surefire.report.email.InvalidEmailAddressException">action.surefire.report.email.InvalidEmailAddressException: Invalid email address '.user@host.com'
	at action.surefire.report.email.EmailAddressTest.expectException(EmailAddressTest.java:74)
	at action.surefire.report.email.EmailAddressTest.shouldNotAllowDotsInWeirdPlaces(EmailAddressTest.java:66)
</error>
  </testcase>
  <testcase name="shouldBeGoodEnoughForSalesforce" classname="action.surefire.report.email.EmailAddressTest" time="0"/>
</testsuite>